<?xml version="1.0" encoding="UTF-8"?>
<!-- Generated by org.testng.reporters.JUnitXMLReporter -->
<testsuite ignored="0" hostname="DESKTOP-AS2KJ5R" failures="0" tests="3" name="Default test" time="6.091" errors="0" timestamp="2026-02-11T11:58:20 IST">
  <testcase classname="tests.TokenAuthUsername" name="getToken" time="5.267"/>
  <testcase classname="tests.TokenAuthUsername" name="auth" time="0.399"/>
  <testcase classname="tests.TokenAuthUsername" name="responseToken" time="0.332"/>
</testsuite> <!-- Default test -->
