<?xml version="1.0" encoding="UTF-8"?>
<testng-results ignored="0" total="1" passed="1" failed="0" skipped="0">
  <reporter-output>
  </reporter-output>
  <suite started-at="2026-02-16T17:35:26 IST" name="Default suite" finished-at="2026-02-16T17:35:30 IST" duration-ms="4227">
    <groups>
    </groups>
    <test started-at="2026-02-16T17:35:26 IST" name="Default test" finished-at="2026-02-16T17:35:30 IST" duration-ms="4227">
      <class name="tests.CreateUserTest">
        <test-method signature="createUser()[pri:0, instance:tests.CreateUserTest@6ae5aa72]" started-at="2026-02-16T17:35:26 IST" name="createUser" finished-at="2026-02-16T17:35:30 IST" duration-ms="4143" status="PASS">
          <reporter-output>
          </reporter-output>
        </test-method> <!-- createUser -->
      </class> <!-- tests.CreateUserTest -->
    </test> <!-- Default test -->
  </suite> <!-- Default suite -->
</testng-results>
