<?xml version="1.0" encoding="UTF-8"?>
<testng-results ignored="0" total="1" passed="1" failed="0" skipped="0">
  <reporter-output>
  </reporter-output>
  <suite started-at="2026-02-16T17:19:35 IST" name="Default suite" finished-at="2026-02-16T17:19:39 IST" duration-ms="4309">
    <groups>
    </groups>
    <test started-at="2026-02-16T17:19:35 IST" name="Default test" finished-at="2026-02-16T17:19:39 IST" duration-ms="4309">
      <class name="tests.CreateUser">
        <test-method signature="createUser()[pri:0, instance:tests.CreateUser@6ae5aa72]" started-at="2026-02-16T17:19:35 IST" name="createUser" finished-at="2026-02-16T17:19:39 IST" duration-ms="4217" status="PASS">
          <reporter-output>
          </reporter-output>
        </test-method> <!-- createUser -->
      </class> <!-- tests.CreateUser -->
    </test> <!-- Default test -->
  </suite> <!-- Default suite -->
</testng-results>
