<?xml version="1.0" encoding="UTF-8"?>
<!-- Generated by org.testng.reporters.JUnitReportReporter -->
<testsuite hostname="DESKTOP-AS2KJ5R" failures="0" tests="3" name="tests.TokenAuthUsername" time="5.998" errors="0" timestamp="2026-02-11T11:58:21 IST" skipped="0">
  <testcase classname="tests.TokenAuthUsername" name="responseToken" time="0.332"/>
  <testcase classname="tests.TokenAuthUsername" name="auth" time="0.399"/>
  <testcase classname="tests.TokenAuthUsername" name="getToken" time="5.267"/>
</testsuite> <!-- tests.TokenAuthUsername -->
